<?xml version="1.0" encoding="UTF-8"?>
<!-- Generated by org.testng.reporters.JUnitReportReporter -->
<testsuite hostname="DESKTOP-4O0NNAF" failures="0" tests="1" name="labMagento.signIn" time="1.967" errors="0" timestamp="2023-12-04T01:12:02 EET" skipped="0">
  <testcase classname="labMagento.signIn" name="mytest" time="1.967"/>
  <system-out/>
</testsuite> <!-- labMagento.signIn -->
