<?xml version="1.0" encoding="UTF-8"?>
<!-- Generated by org.testng.reporters.JUnitReportReporter -->
<testsuite hostname="DESKTOP-4O0NNAF" failures="0" tests="3" name="labMagento.magentoTestCases" time="22.874" errors="0" timestamp="2023-12-04T04:55:43 EET" skipped="0">
  <testcase classname="labMagento.magentoTestCases" name="CreatAnAcount" time="5.168"/>
  <system-out/>
  <testcase classname="labMagento.magentoTestCases" name="logOut" time="8.155"/>
  <system-out/>
  <testcase classname="labMagento.magentoTestCases" name="logIn" time="9.551"/>
  <system-out/>
</testsuite> <!-- labMagento.magentoTestCases -->
